<?xml version="1.0" encoding="UTF-8"?>
<!-- Generated by org.testng.reporters.JUnitReportReporter -->
<testsuite hostname="Ripna_John" failures="0" tests="7" name="RestAssure.CryptoWallet" time="2.491" errors="0" timestamp="2024-07-08T16:15:26 IST" skipped="6">
  <testcase classname="RestAssure.CryptoWallet" name="GetObjectWithAvailableCurrency" time="2.491"/>
  <system-out/>
  <testcase classname="RestAssure.CryptoWallet" name="LoginGenerateToken">
    <skipped/>
  </testcase> <!-- LoginGenerateToken -->
  <system-out/>
  <testcase classname="RestAssure.CryptoWallet" name="CalculateTransactionFee">
    <skipped/>
  </testcase> <!-- CalculateTransactionFee -->
  <system-out/>
  <testcase classname="RestAssure.CryptoWallet" name="RetriveWalletBalance">
    <skipped/>
  </testcase> <!-- RetriveWalletBalance -->
  <system-out/>
  <testcase classname="RestAssure.CryptoWallet" name="AddNewComment">
    <skipped/>
  </testcase> <!-- AddNewComment -->
  <system-out/>
  <testcase classname="RestAssure.CryptoWallet" name="Transfer5ETHRecipient">
    <skipped/>
  </testcase> <!-- Transfer5ETHRecipient -->
  <system-out/>
  <testcase classname="RestAssure.CryptoWallet" name="UserTransactionLists">
    <skipped/>
  </testcase> <!-- UserTransactionLists -->
  <system-out/>
</testsuite> <!-- RestAssure.CryptoWallet -->
